<?xml version="1.0" encoding="UTF-8"?>
<testsuite name="threesolid.TestWorker" tests="2" skipped="0" failures="0" errors="0" timestamp="2019-05-01T04:40:20" hostname="JBringmann-Laptop" time="0.023">
  <properties/>
  <testcase name="testWorkMethod()" classname="threesolid.TestWorker" time="0.019"/>
  <testcase name="managerSetJBWorkerPass()" classname="threesolid.TestWorker" time="0.002"/>
  <system-out><![CDATA[]]></system-out>
  <system-err><![CDATA[]]></system-err>
</testsuite>
