<?xml version="1.0" encoding="UTF-8"?>
<testsuite name="threesolid.TestWorker" tests="2" skipped="0" failures="0" errors="0" timestamp="2019-05-03T23:36:54" hostname="X550ZA" time="0.017">
  <properties/>
  <testcase name="testWorkMethod()" classname="threesolid.TestWorker" time="0.012"/>
  <testcase name="newtestIVTWorkerPass()" classname="threesolid.TestWorker" time="0.002"/>
  <system-out><![CDATA[]]></system-out>
  <system-err><![CDATA[]]></system-err>
</testsuite>
